=== Running FuseMatmulBias Pass ===
=== Running FuseMatmulBias Pass ===
=== Running FuseMatmulBias Pass ===
=== Running FuseMatmulBias Pass ===
=== Running FuseMatmulBias Pass ===
=== Running FuseMatmulBias Pass ===
=== FuseMatmulBias Pass Complete ===
=== FuseMatmulBias Pass Complete ===
=== FuseMatmulBias Pass Complete ===
=== FuseMatmulBias Pass Complete ===
=== FuseMatmulBias Pass Complete ===
=== FuseMatmulBias Pass Complete ===
nova-opt: /home/blu-bridge023/Desktop/llvm-project/mlir/lib/IR/SymbolTable.cpp:136: mlir::SymbolTable::SymbolTable(mlir::Operation*): Assertion `inserted.second && "expected region to contain uniquely named symbol operations"' failed.
PLEASE submit a bug report to https://github.com/llvm/llvm-project/issues/ and include the crash backtrace.
Stack dump:
0.	Program arguments: ./build/tools/nova-opt/nova-opt ./test/testmodel.mlir --nova-gpu-pipeline
 #0 0x0000717a28e8b3d2 llvm::sys::PrintStackTrace(llvm::raw_ostream&, int) (/home/blu-bridge023/Desktop/llvm-project/build/./lib/libLLVM.so.21.1+0xc8b3d2)
 #1 0x0000717a28e87bbf llvm::sys::RunSignalHandlers() (/home/blu-bridge023/Desktop/llvm-project/build/./lib/libLLVM.so.21.1+0xc87bbf)
 #2 0x0000717a28e87d0c SignalHandler(int, siginfo_t*, void*) Signals.cpp:0:0
 #3 0x0000717a27a42520 (/lib/x86_64-linux-gnu/libc.so.6+0x42520)
 #4 0x0000717a27a969fc __pthread_kill_implementation ./nptl/./nptl/pthread_kill.c:44:76
 #5 0x0000717a27a969fc __pthread_kill_internal ./nptl/./nptl/pthread_kill.c:78:10
 #6 0x0000717a27a969fc pthread_kill ./nptl/./nptl/pthread_kill.c:89:10
 #7 0x0000717a27a42476 gsignal ./signal/../sysdeps/posix/raise.c:27:6
 #8 0x0000717a27a287f3 abort ./stdlib/./stdlib/abort.c:81:7
 #9 0x0000717a27a2871b _nl_load_domain ./intl/./intl/loadmsgcat.c:1177:9
#10 0x0000717a27a39e96 (/lib/x86_64-linux-gnu/libc.so.6+0x39e96)
#11 0x00006112311ef2e4 mlir::SymbolTable::SymbolTable(mlir::Operation*) (./build/tools/nova-opt/nova-opt+0xb7a2e4)
#12 0x00006112315acb52 mlir::nova::ConvertLaunchFuncToCall::matchAndRewrite(mlir::gpu::LaunchFuncOp, mlir::PatternRewriter&) const (./build/tools/nova-opt/nova-opt+0xf37b52)
#13 0x00006112315b80ae mlir::detail::OpOrInterfaceRewritePatternBase<mlir::gpu::LaunchFuncOp>::matchAndRewrite(mlir::Operation*, mlir::PatternRewriter&) const (./build/tools/nova-opt/nova-opt+0xf430ae)
#14 0x0000611231351519 mlir::PatternApplicator::matchAndRewrite(mlir::Operation*, mlir::PatternRewriter&, llvm::function_ref<bool (mlir::Pattern const&)>, llvm::function_ref<void (mlir::Pattern const&)>, llvm::function_ref<llvm::LogicalResult (mlir::Pattern const&)>) (./build/tools/nova-opt/nova-opt+0xcdc519)
#15 0x000061123131ea09 (anonymous namespace)::GreedyPatternRewriteDriver::processWorklist() GreedyPatternRewriteDriver.cpp:0:0
#16 0x0000611231321696 mlir::applyPatternsGreedily(mlir::Region&, mlir::FrozenRewritePatternSet const&, mlir::GreedyRewriteConfig, bool*) (./build/tools/nova-opt/nova-opt+0xcac696)
#17 0x0000611231591db0 mlir::applyPatternsGreedily(mlir::Operation*, mlir::FrozenRewritePatternSet const&, mlir::GreedyRewriteConfig, bool*) (./build/tools/nova-opt/nova-opt+0xf1cdb0)
#18 0x00006112315ae09d mlir::nova::FixGpuLaunchPass::runOnOperation() (./build/tools/nova-opt/nova-opt+0xf3909d)
#19 0x000061123125ae06 mlir::detail::OpToOpPassAdaptor::run(mlir::Pass*, mlir::Operation*, mlir::AnalysisManager, bool, unsigned int) (./build/tools/nova-opt/nova-opt+0xbe5e06)
#20 0x000061123125b289 mlir::detail::OpToOpPassAdaptor::runPipeline(mlir::OpPassManager&, mlir::Operation*, mlir::AnalysisManager, bool, unsigned int, mlir::PassInstrumentor*, mlir::PassInstrumentation::PipelineParentInfo const*) (./build/tools/nova-opt/nova-opt+0xbe6289)
#21 0x000061123125c1e2 mlir::PassManager::run(mlir::Operation*) (./build/tools/nova-opt/nova-opt+0xbe71e2)
#22 0x00006112310de930 performActions(llvm::raw_ostream&, std::shared_ptr<llvm::SourceMgr> const&, mlir::MLIRContext*, mlir::MlirOptMainConfig const&) MlirOptMain.cpp:0:0
#23 0x00006112310df0f3 processBuffer(llvm::raw_ostream&, std::unique_ptr<llvm::MemoryBuffer, std::default_delete<llvm::MemoryBuffer> >, mlir::MlirOptMainConfig const&, mlir::DialectRegistry&, llvm::ThreadPoolInterface*) MlirOptMain.cpp:0:0
#24 0x00006112310df31c llvm::LogicalResult llvm::function_ref<llvm::LogicalResult (std::unique_ptr<llvm::MemoryBuffer, std::default_delete<llvm::MemoryBuffer> >, llvm::raw_ostream&)>::callback_fn<mlir::MlirOptMain(llvm::raw_ostream&, std::unique_ptr<llvm::MemoryBuffer, std::default_delete<llvm::MemoryBuffer> >, mlir::DialectRegistry&, mlir::MlirOptMainConfig const&)::'lambda'(std::unique_ptr<llvm::MemoryBuffer, std::default_delete<llvm::MemoryBuffer> >, llvm::raw_ostream&)>(long, std::unique_ptr<llvm::MemoryBuffer, std::default_delete<llvm::MemoryBuffer> >, llvm::raw_ostream&) MlirOptMain.cpp:0:0
#25 0x00006112310f06a2 mlir::splitAndProcessBuffer(std::unique_ptr<llvm::MemoryBuffer, std::default_delete<llvm::MemoryBuffer> >, llvm::function_ref<llvm::LogicalResult (std::unique_ptr<llvm::MemoryBuffer, std::default_delete<llvm::MemoryBuffer> >, llvm::raw_ostream&)>, llvm::raw_ostream&, llvm::StringRef, llvm::StringRef) (./build/tools/nova-opt/nova-opt+0xa7b6a2)
#26 0x00006112310d5605 mlir::MlirOptMain(llvm::raw_ostream&, std::unique_ptr<llvm::MemoryBuffer, std::default_delete<llvm::MemoryBuffer> >, mlir::DialectRegistry&, mlir::MlirOptMainConfig const&) (./build/tools/nova-opt/nova-opt+0xa60605)
#27 0x00006112310df493 mlir::MlirOptMain(int, char**, llvm::StringRef, llvm::StringRef, mlir::DialectRegistry&) (./build/tools/nova-opt/nova-opt+0xa6a493)
#28 0x00006112310df988 mlir::MlirOptMain(int, char**, llvm::StringRef, mlir::DialectRegistry&) (./build/tools/nova-opt/nova-opt+0xa6a988)
#29 0x000061123105c4f5 main (./build/tools/nova-opt/nova-opt+0x9e74f5)
#30 0x0000717a27a29d90 __libc_start_call_main ./csu/../sysdeps/nptl/libc_start_call_main.h:58:16
#31 0x0000717a27a29e40 call_init ./csu/../csu/libc-start.c:128:20
#32 0x0000717a27a29e40 __libc_start_main ./csu/../csu/libc-start.c:379:5
#33 0x000061123104aa85 _start (./build/tools/nova-opt/nova-opt+0x9d5a85)
